<?xml version="1.0" encoding="UTF-8"?>
<!-- Generated by org.testng.reporters.JUnitReportReporter -->
<testsuite skipped="0" hostname="Navdeep-Laptop" name="TestNGPart2.ParallelClass1" tests="2" failures="0" timestamp="2020-05-15T09:15:53 IST" time="0.031" errors="0">
  <testcase name="TestCase1" time="0.028" classname="TestNGPart2.ParallelClass1"/>
  <system-out/>
  <testcase name="TestCase2" time="0.003" classname="TestNGPart2.ParallelClass1"/>
  <system-out/>
</testsuite> <!-- TestNGPart2.ParallelClass1 -->
