<?xml version="1.0" encoding="UTF-8"?>
<!-- Generated by org.testng.reporters.JUnitReportReporter -->
<testsuite skipped="0" hostname="Navdeep-Laptop" name="TestNG.DataProviderDemo" tests="3" failures="0" timestamp="2020-05-14T15:52:54 IST" time="0.010" errors="0">
  <testcase name="checkLogin" time="0.008" classname="TestNG.DataProviderDemo"/>
  <system-out/>
  <testcase name="checkLogin" time="0.001" classname="TestNG.DataProviderDemo"/>
  <system-out/>
  <testcase name="checkLogin" time="0.001" classname="TestNG.DataProviderDemo"/>
  <system-out/>
</testsuite> <!-- TestNG.DataProviderDemo -->
