<?xml version="1.0" encoding="UTF-8"?>
<!-- Generated by org.testng.reporters.JUnitReportReporter -->
<testsuite skipped="0" hostname="Navdeep-Laptop" name="TestNG.FirstDemo" tests="3" failures="0" timestamp="2020-05-13T08:52:21 IST" time="0.014" errors="0">
  <testcase name="Login" time="0.007" classname="TestNG.FirstDemo"/>
  <system-out/>
  <testcase name="input" time="0.004" classname="TestNG.FirstDemo"/>
  <system-out/>
  <testcase name="Log" time="0.003" classname="TestNG.FirstDemo"/>
  <system-out/>
</testsuite> <!-- TestNG.FirstDemo -->
