<?xml version="1.0" encoding="UTF-8"?>
<!-- Generated by org.testng.reporters.JUnitReportReporter -->
<testsuite skipped="0" hostname="Navdeep-Laptop" name="TestNGPart2.ParmeterDemo" tests="1" failures="0" timestamp="2020-06-05T08:34:22 IST" time="12.978" errors="0">
  <testcase name="Launch" time="12.978" classname="TestNGPart2.ParmeterDemo"/>
  <system-out/>
</testsuite> <!-- TestNGPart2.ParmeterDemo -->
