<?xml version="1.0" encoding="UTF-8"?>
<!-- Generated by org.testng.reporters.JUnitReportReporter -->
<testsuite skipped="0" hostname="Navdeep-Laptop" name="TestNGPro.LoginPageTest" tests="2" failures="0" timestamp="2020-05-14T09:23:45 IST" time="18.757" errors="0">
  <testcase name="login" time="10.928" classname="TestNGPro.LoginPageTest"/>
  <system-out/>
  <testcase name="Logout" time="7.829" classname="TestNGPro.LoginPageTest"/>
  <system-out/>
</testsuite> <!-- TestNGPro.LoginPageTest -->
