<?xml version="1.0" encoding="UTF-8"?>
<!-- Generated by org.testng.reporters.JUnitReportReporter -->
<testsuite skipped="0" hostname="Navdeep-Laptop" name="TestWithExcelDemo.DataProviderDemo" tests="4" failures="0" timestamp="2020-05-25T08:40:44 IST" time="0.017" errors="0">
  <testcase name="getdata" time="0.002" classname="TestWithExcelDemo.DataProviderDemo"/>
  <system-out/>
  <testcase name="getdata" time="0.002" classname="TestWithExcelDemo.DataProviderDemo"/>
  <system-out/>
  <testcase name="getdata" time="0.011" classname="TestWithExcelDemo.DataProviderDemo"/>
  <system-out/>
  <testcase name="getdata" time="0.002" classname="TestWithExcelDemo.DataProviderDemo"/>
  <system-out/>
</testsuite> <!-- TestWithExcelDemo.DataProviderDemo -->
