<?xml version="1.0" encoding="UTF-8"?>
<!-- Generated by org.testng.reporters.JUnitReportReporter -->
<testsuite skipped="0" hostname="Navdeep-Laptop" name="TestNG.ParallelMethods" tests="2" failures="0" timestamp="2020-05-14T16:25:12 IST" time="0.035" errors="0">
  <testcase name="testMethodsTwo" time="0.020" classname="TestNG.ParallelMethods"/>
  <system-out/>
  <testcase name="testMethodsOne" time="0.015" classname="TestNG.ParallelMethods"/>
  <system-out/>
</testsuite> <!-- TestNG.ParallelMethods -->
