<?xml version="1.0" encoding="UTF-8"?>
<!-- Generated by org.testng.reporters.JUnitReportReporter -->
<testsuite skipped="0" hostname="Navdeep-Laptop" name="TestNG.ParallelBasic" tests="2" failures="0" timestamp="2020-05-14T18:23:13 IST" time="0.028" errors="0">
  <testcase name="Tetscase2" time="0.014" classname="TestNG.ParallelBasic"/>
  <system-out/>
  <testcase name="Tetscase1" time="0.014" classname="TestNG.ParallelBasic"/>
  <system-out/>
</testsuite> <!-- TestNG.ParallelBasic -->
