<?xml version="1.0" encoding="UTF-8"?>
<!-- Generated by org.testng.reporters.JUnitReportReporter -->
<testsuite skipped="0" hostname="Navdeep-Laptop" name="TestNG.MultiThread" tests="6" failures="0" timestamp="2020-05-14T18:44:24 IST" time="0.064" errors="0">
  <testcase name="Tetscase1" time="0.017" classname="TestNG.MultiThread"/>
  <system-out/>
  <testcase name="Tetscase1" time="0.002" classname="TestNG.MultiThread"/>
  <system-out/>
  <testcase name="Tetscase1" time="0.017" classname="TestNG.MultiThread"/>
  <system-out/>
  <testcase name="Tetscase1" time="0.003" classname="TestNG.MultiThread"/>
  <system-out/>
  <testcase name="Tetscase1" time="0.016" classname="TestNG.MultiThread"/>
  <system-out/>
  <testcase name="Tetscase1" time="0.009" classname="TestNG.MultiThread"/>
  <system-out/>
</testsuite> <!-- TestNG.MultiThread -->
