<?xml version="1.0" encoding="UTF-8"?>
<!-- Generated by org.testng.reporters.JUnitReportReporter -->
<testsuite skipped="0" hostname="Navdeep-Laptop" name="TestNG.ParallelClass2" tests="2" failures="0" timestamp="2020-05-14T18:39:02 IST" time="0.004" errors="0">
  <testcase name="Tetscase2" time="0.002" classname="TestNG.ParallelClass2"/>
  <system-out/>
  <testcase name="Tetscase1" time="0.002" classname="TestNG.ParallelClass2"/>
  <system-out/>
</testsuite> <!-- TestNG.ParallelClass2 -->
