<?xml version="1.0" encoding="UTF-8"?>
<!-- Generated by org.testng.reporters.JUnitReportReporter -->
<testsuite skipped="0" hostname="Navdeep-Laptop" name="TestNGPart2.ParallelClass2" tests="2" failures="0" timestamp="2020-05-15T09:15:53 IST" time="0.022" errors="0">
  <testcase name="TestCase1" time="0.021" classname="TestNGPart2.ParallelClass2"/>
  <system-out/>
  <testcase name="TestCase2" time="0.001" classname="TestNGPart2.ParallelClass2"/>
  <system-out/>
</testsuite> <!-- TestNGPart2.ParallelClass2 -->
