<?xml version="1.0" encoding="UTF-8"?>
<!-- Generated by org.testng.reporters.JUnitReportReporter -->
<testsuite skipped="0" hostname="Navdeep-Laptop" name="TestNGPart2.MultiThreadDemo" tests="6" failures="0" timestamp="2020-05-18T08:41:08 IST" time="0.189" errors="0">
  <testcase name="TestCase1" time="0.038" classname="TestNGPart2.MultiThreadDemo"/>
  <system-out/>
  <testcase name="TestCase1" time="0.021" classname="TestNGPart2.MultiThreadDemo"/>
  <system-out/>
  <testcase name="TestCase1" time="0.025" classname="TestNGPart2.MultiThreadDemo"/>
  <system-out/>
  <testcase name="TestCase1" time="0.030" classname="TestNGPart2.MultiThreadDemo"/>
  <system-out/>
  <testcase name="TestCase1" time="0.037" classname="TestNGPart2.MultiThreadDemo"/>
  <system-out/>
  <testcase name="TestCase1" time="0.038" classname="TestNGPart2.MultiThreadDemo"/>
  <system-out/>
</testsuite> <!-- TestNGPart2.MultiThreadDemo -->
