<?xml version="1.0" encoding="UTF-8"?>
<!-- Generated by org.testng.reporters.JUnitReportReporter -->
<testsuite skipped="0" hostname="Navdeep-Laptop" name="TestNG.ParallelClass1" tests="2" failures="0" timestamp="2020-05-14T18:39:02 IST" time="0.013" errors="0">
  <testcase name="Tetscase1" time="0.012" classname="TestNG.ParallelClass1"/>
  <system-out/>
  <testcase name="Tetscase2" time="0.001" classname="TestNG.ParallelClass1"/>
  <system-out/>
</testsuite> <!-- TestNG.ParallelClass1 -->
