<?xml version="1.0" encoding="UTF-8"?>
<!-- Generated by org.testng.reporters.JUnitReportReporter -->
<testsuite skipped="0" hostname="Navdeep-Laptop" name="TestNG.ParametersDemo" tests="1" failures="0" timestamp="2020-05-14T15:53:07 IST" time="0.012" errors="0">
  <testcase name="testCaseOne" time="0.012" classname="TestNG.ParametersDemo"/>
  <system-out/>
</testsuite> <!-- TestNG.ParametersDemo -->
