<?xml version="1.0" encoding="UTF-8"?>
<!-- Generated by org.testng.reporters.JUnitReportReporter -->
<testsuite skipped="0" hostname="Navdeep-Laptop" name="TestNGPart2.ParallelMethods" tests="2" failures="0" timestamp="2020-05-15T09:02:07 IST" time="0.047" errors="0">
  <testcase name="TestCase2" time="0.022" classname="TestNGPart2.ParallelMethods"/>
  <system-out/>
  <testcase name="TestCase1" time="0.025" classname="TestNGPart2.ParallelMethods"/>
  <system-out/>
</testsuite> <!-- TestNGPart2.ParallelMethods -->
