<?xml version="1.0" encoding="UTF-8"?>
<!-- Generated by org.testng.reporters.JUnitReportReporter -->
<testsuite skipped="0" hostname="Navdeep-Laptop" name="TestNGPart2.DataProvideDemo" tests="3" failures="0" timestamp="2020-05-18T08:53:54 IST" time="0.017" errors="0">
  <testcase name="CheckLogin" time="0.012" classname="TestNGPart2.DataProvideDemo"/>
  <system-out/>
  <testcase name="CheckLogin" time="0.003" classname="TestNGPart2.DataProvideDemo"/>
  <system-out/>
  <testcase name="CheckLogin" time="0.002" classname="TestNGPart2.DataProvideDemo"/>
  <system-out/>
</testsuite> <!-- TestNGPart2.DataProvideDemo -->
